# JRE version: Java(TM) SE Runtime Environment (21.0.5+9) (build 21.0.5+9-LTS-239)
# Java VM: Java HotSpot(TM) 64-Bit Server VM (21.0.5+9-LTS-239, mixed mode, sharing, tiered, compressed oops, compressed class ptrs, g1 gc, windows-amd64)
GC Precious Log:
 CardTable entry size: 512
 Card Set container configuration: InlinePtr #cards 5 size 8 Array Of Cards #cards 12 size 40 Howl #buckets 4 coarsen threshold 1843 Howl Bitmap #cards 512 size 80 coarsen threshold 460 Card regions per heap region 1 cards per card region 2048
 CPUs: 4 total, 4 available
 Memory: 6082M
 Large Page Support: Disabled
 NUMA Support: Disabled
 Compressed Oops: Enabled (32-bit)
 Heap Region Size: 1M
 Heap Min Capacity: 8M
 Heap Initial Capacity: 96M
 Heap Max Capacity: 1522M
 Pre-touch: Disabled
 Parallel Workers: 4
 Concurrent Workers: 1
 Concurrent Refinement Workers: 4
 Periodic GC: Disabled
Heap:
 garbage-first heap   total 76800K, used 46653K [0x00000000a0e00000, 0x0000000100000000)
  region size 1024K, 4 young (4096K), 2 survivors (2048K)
 Metaspace       used 74857K, committed 75584K, reserved 1179648K
  class space    used 9900K, committed 10240K, reserved 1048576K
GC Heap History (20 events):
Event: 26.211 GC heap before
{Heap before GC invocations=11 (full 0):
 garbage-first heap   total 68608K, used 61983K [0x00000000a0e00000, 0x0000000100000000)
  region size 1024K, 30 young (30720K), 4 survivors (4096K)
 Metaspace       used 41179K, committed 41856K, reserved 1114112K
  class space    used 5121K, committed 5440K, reserved 1048576K
}
Event: 26.221 GC heap after
{Heap after GC invocations=12 (full 0):
 garbage-first heap   total 71680K, used 32768K [0x00000000a0e00000, 0x0000000100000000)
  region size 1024K, 4 young (4096K), 4 survivors (4096K)
 Metaspace       used 41179K, committed 41856K, reserved 1114112K
  class space    used 5121K, committed 5440K, reserved 1048576K
}
Event: 28.464 GC heap before
{Heap before GC invocations=12 (full 0):
 garbage-first heap   total 71680K, used 60416K [0x00000000a0e00000, 0x0000000100000000)
  region size 1024K, 30 young (30720K), 4 survivors (4096K)
 Metaspace       used 42806K, committed 43392K, reserved 1114112K
  class space    used 5343K, committed 5632K, reserved 1048576K
}
Event: 28.472 GC heap after
{Heap after GC invocations=13 (full 0):
 garbage-first heap   total 71680K, used 34876K [0x00000000a0e00000, 0x0000000100000000)
  region size 1024K, 2 young (2048K), 2 survivors (2048K)
 Metaspace       used 42806K, committed 43392K, reserved 1114112K
  class space    used 5343K, committed 5632K, reserved 1048576K
}
Event: 32.264 GC heap before
{Heap before GC invocations=13 (full 0):
 garbage-first heap   total 71680K, used 60476K [0x00000000a0e00000, 0x0000000100000000)
  region size 1024K, 27 young (27648K), 2 survivors (2048K)
 Metaspace       used 47806K, committed 48448K, reserved 1114112K
  class space    used 6067K, committed 6336K, reserved 1048576K
}
Event: 32.272 GC heap after
{Heap after GC invocations=14 (full 0):
 garbage-first heap   total 71680K, used 35937K [0x00000000a0e00000, 0x0000000100000000)
  region size 1024K, 3 young (3072K), 3 survivors (3072K)
 Metaspace       used 47806K, committed 48448K, reserved 1114112K
  class space    used 6067K, committed 6336K, reserved 1048576K
}
Event: 35.395 GC heap before
{Heap before GC invocations=15 (full 0):
 garbage-first heap   total 71680K, used 61537K [0x00000000a0e00000, 0x0000000100000000)
  region size 1024K, 28 young (28672K), 3 survivors (3072K)
 Metaspace       used 54719K, committed 55360K, reserved 1114112K
  class space    used 7053K, committed 7360K, reserved 1048576K
}
Event: 35.402 GC heap after
{Heap after GC invocations=16 (full 0):
 garbage-first heap   total 71680K, used 37671K [0x00000000a0e00000, 0x0000000100000000)
  region size 1024K, 4 young (4096K), 4 survivors (4096K)
 Metaspace       used 54719K, committed 55360K, reserved 1114112K
  class space    used 7053K, committed 7360K, reserved 1048576K
}
Event: 37.390 GC heap before
{Heap before GC invocations=16 (full 0):
 garbage-first heap   total 71680K, used 62247K [0x00000000a0e00000, 0x0000000100000000)
  region size 1024K, 28 young (28672K), 4 survivors (4096K)
 Metaspace       used 59274K, committed 59968K, reserved 1114112K
  class space    used 7567K, committed 7872K, reserved 1048576K
}
Event: 37.397 GC heap after
{Heap after GC invocations=17 (full 0):
 garbage-first heap   total 71680K, used 38917K [0x00000000a0e00000, 0x0000000100000000)
  region size 1024K, 4 young (4096K), 4 survivors (4096K)
 Metaspace       used 59274K, committed 59968K, reserved 1114112K
  class space    used 7567K, committed 7872K, reserved 1048576K
}
Event: 39.533 GC heap before
{Heap before GC invocations=17 (full 0):
 garbage-first heap   total 71680K, used 61445K [0x00000000a0e00000, 0x0000000100000000)
  region size 1024K, 27 young (27648K), 4 survivors (4096K)
 Metaspace       used 65618K, committed 66368K, reserved 1114112K
  class space    used 8630K, committed 8960K, reserved 1048576K
}
Event: 39.541 GC heap after
{Heap after GC invocations=18 (full 0):
 garbage-first heap   total 71680K, used 40159K [0x00000000a0e00000, 0x0000000100000000)
  region size 1024K, 3 young (3072K), 3 survivors (3072K)
 Metaspace       used 65618K, committed 66368K, reserved 1114112K
  class space    used 8630K, committed 8960K, reserved 1048576K
}
Event: 40.656 GC heap before
{Heap before GC invocations=19 (full 0):
 garbage-first heap   total 71680K, used 62687K [0x00000000a0e00000, 0x0000000100000000)
  region size 1024K, 26 young (26624K), 3 survivors (3072K)
 Metaspace       used 68189K, committed 68864K, reserved 1114112K
  class space    used 9028K, committed 9344K, reserved 1048576K
}
Event: 40.663 GC heap after
{Heap after GC invocations=20 (full 0):
 garbage-first heap   total 71680K, used 40830K [0x00000000a0e00000, 0x0000000100000000)
  region size 1024K, 2 young (2048K), 2 survivors (2048K)
 Metaspace       used 68189K, committed 68864K, reserved 1114112K
  class space    used 9028K, committed 9344K, reserved 1048576K
}
Event: 44.822 GC heap before
{Heap before GC invocations=20 (full 0):
 garbage-first heap   total 71680K, used 63358K [0x00000000a0e00000, 0x0000000100000000)
  region size 1024K, 25 young (25600K), 2 survivors (2048K)
 Metaspace       used 71499K, committed 72256K, reserved 1114112K
  class space    used 9388K, committed 9728K, reserved 1048576K
}
Event: 44.830 GC heap after
{Heap after GC invocations=21 (full 0):
 garbage-first heap   total 71680K, used 42542K [0x00000000a0e00000, 0x0000000100000000)
  region size 1024K, 4 young (4096K), 4 survivors (4096K)
 Metaspace       used 71499K, committed 72256K, reserved 1114112K
  class space    used 9388K, committed 9728K, reserved 1048576K
}
Event: 48.596 GC heap before
{Heap before GC invocations=21 (full 0):
 garbage-first heap   total 71680K, used 63022K [0x00000000a0e00000, 0x0000000100000000)
  region size 1024K, 24 young (24576K), 4 survivors (4096K)
 Metaspace       used 73820K, committed 74496K, reserved 1114112K
  class space    used 9743K, committed 10048K, reserved 1048576K
}
Event: 48.605 GC heap after
{Heap after GC invocations=22 (full 0):
 garbage-first heap   total 71680K, used 44283K [0x00000000a0e00000, 0x0000000100000000)
  region size 1024K, 2 young (2048K), 2 survivors (2048K)
 Metaspace       used 73820K, committed 74496K, reserved 1114112K
  class space    used 9743K, committed 10048K, reserved 1048576K
}
Event: 51.904 GC heap before
{Heap before GC invocations=23 (full 0):
 garbage-first heap   total 76800K, used 63739K [0x00000000a0e00000, 0x0000000100000000)
  region size 1024K, 21 young (21504K), 2 survivors (2048K)
 Metaspace       used 74783K, committed 75584K, reserved 1179648K
  class space    used 9882K, committed 10240K, reserved 1048576K
}
Event: 51.910 GC heap after
{Heap after GC invocations=24 (full 0):
 garbage-first heap   total 76800K, used 45629K [0x00000000a0e00000, 0x0000000100000000)
  region size 1024K, 2 young (2048K), 2 survivors (2048K)
 Metaspace       used 74783K, committed 75584K, reserved 1179648K
  class space    used 9882K, committed 10240K, reserved 1048576K
}

