# JRE version: Java(TM) SE Runtime Environment (21.0.5+9) (build 21.0.5+9-LTS-239)
# Java VM: Java HotSpot(TM) 64-Bit Server VM (21.0.5+9-LTS-239, mixed mode, sharing, tiered, compressed oops, compressed class ptrs, g1 gc, windows-amd64)
GC Precious Log:
 CardTable entry size: 512
 Card Set container configuration: InlinePtr #cards 5 size 8 Array Of Cards #cards 12 size 40 Howl #buckets 4 coarsen threshold 1843 Howl Bitmap #cards 512 size 80 coarsen threshold 460 Card regions per heap region 1 cards per card region 2048
 CPUs: 4 total, 4 available
 Memory: 6082M
 Large Page Support: Disabled
 NUMA Support: Disabled
 Compressed Oops: Enabled (32-bit)
 Heap Region Size: 1M
 Heap Min Capacity: 8M
 Heap Initial Capacity: 96M
 Heap Max Capacity: 1522M
 Pre-touch: Disabled
 Parallel Workers: 4
 Concurrent Workers: 1
 Concurrent Refinement Workers: 4
 Periodic GC: Disabled
Heap:
 garbage-first heap   total 103424K, used 63403K [0x00000000a0e00000, 0x0000000100000000)
  region size 1024K, 17 young (17408K), 3 survivors (3072K)
 Metaspace       used 81987K, committed 82880K, reserved 1179648K
  class space    used 10915K, committed 11328K, reserved 1048576K
GC Heap History (20 events):
Event: 22.371 GC heap before
{Heap before GC invocations=20 (full 0):
 garbage-first heap   total 68608K, used 61587K [0x00000000a0e00000, 0x0000000100000000)
  region size 1024K, 24 young (24576K), 2 survivors (2048K)
 Metaspace       used 71247K, committed 72000K, reserved 1114112K
  class space    used 9393K, committed 9728K, reserved 1048576K
}
Event: 22.379 GC heap after
{Heap after GC invocations=21 (full 0):
 garbage-first heap   total 68608K, used 40185K [0x00000000a0e00000, 0x0000000100000000)
  region size 1024K, 3 young (3072K), 3 survivors (3072K)
 Metaspace       used 71247K, committed 72000K, reserved 1114112K
  class space    used 9393K, committed 9728K, reserved 1048576K
}
Event: 23.216 GC heap before
{Heap before GC invocations=21 (full 0):
 garbage-first heap   total 68608K, used 60665K [0x00000000a0e00000, 0x0000000100000000)
  region size 1024K, 23 young (23552K), 3 survivors (3072K)
 Metaspace       used 73596K, committed 74368K, reserved 1114112K
  class space    used 9749K, committed 10112K, reserved 1048576K
}
Event: 23.224 GC heap after
{Heap after GC invocations=22 (full 0):
 garbage-first heap   total 68608K, used 41774K [0x00000000a0e00000, 0x0000000100000000)
  region size 1024K, 3 young (3072K), 3 survivors (3072K)
 Metaspace       used 73596K, committed 74368K, reserved 1114112K
  class space    used 9749K, committed 10112K, reserved 1048576K
}
Event: 23.869 GC heap before
{Heap before GC invocations=23 (full 0):
 garbage-first heap   total 75776K, used 60206K [0x00000000a0e00000, 0x0000000100000000)
  region size 1024K, 21 young (21504K), 3 survivors (3072K)
 Metaspace       used 74377K, committed 75200K, reserved 1114112K
  class space    used 9884K, committed 10240K, reserved 1048576K
}
Event: 23.876 GC heap after
{Heap after GC invocations=24 (full 0):
 garbage-first heap   total 75776K, used 43056K [0x00000000a0e00000, 0x0000000100000000)
  region size 1024K, 2 young (2048K), 2 survivors (2048K)
 Metaspace       used 74377K, committed 75200K, reserved 1114112K
  class space    used 9884K, committed 10240K, reserved 1048576K
}
Event: 24.331 GC heap before
{Heap before GC invocations=24 (full 0):
 garbage-first heap   total 75776K, used 67632K [0x00000000a0e00000, 0x0000000100000000)
  region size 1024K, 26 young (26624K), 2 survivors (2048K)
 Metaspace       used 75181K, committed 75968K, reserved 1179648K
  class space    used 9962K, committed 10304K, reserved 1048576K
}
Event: 24.338 GC heap after
{Heap after GC invocations=25 (full 0):
 garbage-first heap   total 75776K, used 44250K [0x00000000a0e00000, 0x0000000100000000)
  region size 1024K, 3 young (3072K), 3 survivors (3072K)
 Metaspace       used 75181K, committed 75968K, reserved 1179648K
  class space    used 9962K, committed 10304K, reserved 1048576K
}
Event: 24.996 GC heap before
{Heap before GC invocations=25 (full 0):
 garbage-first heap   total 75776K, used 66778K [0x00000000a0e00000, 0x0000000100000000)
  region size 1024K, 25 young (25600K), 3 survivors (3072K)
 Metaspace       used 76922K, committed 77760K, reserved 1179648K
  class space    used 10200K, committed 10560K, reserved 1048576K
}
Event: 25.003 GC heap after
{Heap after GC invocations=26 (full 0):
 garbage-first heap   total 75776K, used 45655K [0x00000000a0e00000, 0x0000000100000000)
  region size 1024K, 3 young (3072K), 3 survivors (3072K)
 Metaspace       used 76922K, committed 77760K, reserved 1179648K
  class space    used 10200K, committed 10560K, reserved 1048576K
}
Event: 25.833 GC heap before
{Heap before GC invocations=27 (full 0):
 garbage-first heap   total 86016K, used 67159K [0x00000000a0e00000, 0x0000000100000000)
  region size 1024K, 24 young (24576K), 3 survivors (3072K)
 Metaspace       used 77732K, committed 78592K, reserved 1179648K
  class space    used 10314K, committed 10688K, reserved 1048576K
}
Event: 25.841 GC heap after
{Heap after GC invocations=28 (full 0):
 garbage-first heap   total 86016K, used 46736K [0x00000000a0e00000, 0x0000000100000000)
  region size 1024K, 3 young (3072K), 3 survivors (3072K)
 Metaspace       used 77732K, committed 78592K, reserved 1179648K
  class space    used 10314K, committed 10688K, reserved 1048576K
}
Event: 26.423 GC heap before
{Heap before GC invocations=28 (full 0):
 garbage-first heap   total 86016K, used 76432K [0x00000000a0e00000, 0x0000000100000000)
  region size 1024K, 32 young (32768K), 3 survivors (3072K)
 Metaspace       used 78425K, committed 79296K, reserved 1179648K
  class space    used 10438K, committed 10816K, reserved 1048576K
}
Event: 26.432 GC heap after
{Heap after GC invocations=29 (full 0):
 garbage-first heap   total 86016K, used 48080K [0x00000000a0e00000, 0x0000000100000000)
  region size 1024K, 3 young (3072K), 3 survivors (3072K)
 Metaspace       used 78425K, committed 79296K, reserved 1179648K
  class space    used 10438K, committed 10816K, reserved 1048576K
}
Event: 27.142 GC heap before
{Heap before GC invocations=29 (full 0):
 garbage-first heap   total 86016K, used 76752K [0x00000000a0e00000, 0x0000000100000000)
  region size 1024K, 31 young (31744K), 3 survivors (3072K)
 Metaspace       used 80111K, committed 80960K, reserved 1179648K
  class space    used 10683K, committed 11072K, reserved 1048576K
}
Event: 27.150 GC heap after
{Heap after GC invocations=30 (full 0):
 garbage-first heap   total 103424K, used 50169K [0x00000000a0e00000, 0x0000000100000000)
  region size 1024K, 4 young (4096K), 4 survivors (4096K)
 Metaspace       used 80111K, committed 80960K, reserved 1179648K
  class space    used 10683K, committed 11072K, reserved 1048576K
}
Event: 200.602 GC heap before
{Heap before GC invocations=31 (full 0):
 garbage-first heap   total 103424K, used 92153K [0x00000000a0e00000, 0x0000000100000000)
  region size 1024K, 45 young (46080K), 4 survivors (4096K)
 Metaspace       used 81887K, committed 82752K, reserved 1179648K
  class space    used 10911K, committed 11328K, reserved 1048576K
}
Event: 200.715 GC heap after
{Heap after GC invocations=32 (full 0):
 garbage-first heap   total 103424K, used 50567K [0x00000000a0e00000, 0x0000000100000000)
  region size 1024K, 3 young (3072K), 3 survivors (3072K)
 Metaspace       used 81887K, committed 82752K, reserved 1179648K
  class space    used 10911K, committed 11328K, reserved 1048576K
}
Event: 586.560 GC heap before
{Heap before GC invocations=32 (full 0):
 garbage-first heap   total 103424K, used 93575K [0x00000000a0e00000, 0x0000000100000000)
  region size 1024K, 45 young (46080K), 3 survivors (3072K)
 Metaspace       used 81974K, committed 82880K, reserved 1179648K
  class space    used 10914K, committed 11328K, reserved 1048576K
}
Event: 586.979 GC heap after
{Heap after GC invocations=33 (full 0):
 garbage-first heap   total 103424K, used 50091K [0x00000000a0e00000, 0x0000000100000000)
  region size 1024K, 3 young (3072K), 3 survivors (3072K)
 Metaspace       used 81974K, committed 82880K, reserved 1179648K
  class space    used 10914K, committed 11328K, reserved 1048576K
}

